<?xml version="1.0" encoding="utf-8"?><testsuites name="pytest tests"><testsuite name="pytest" errors="0" failures="0" skipped="1" tests="12" time="3.007" timestamp="2026-05-05T18:18:54.568971+00:00" hostname="agent-env-58b3500b-04da-458b-a9e8-184ab5fc4287"><testcase classname="tests.test_endomarketing" name="test_questions_returns_18" time="0.726" /><testcase classname="tests.test_endomarketing" name="test_get_diagnosis_existing" time="0.181" /><testcase classname="tests.test_endomarketing" name="test_get_diagnosis_404_for_unknown_brand" time="0.131" /><testcase classname="tests.test_endomarketing" name="test_save_diagnosis_validation" time="0.143" /><testcase classname="tests.test_endomarketing" name="test_save_diagnosis_full" time="0.453" /><testcase classname="tests.test_endomarketing" name="test_export_pdf" time="0.182" /><testcase classname="tests.test_endomarketing" name="test_export_pdf_404_for_unknown" time="0.161" /><testcase classname="tests.test_endomarketing" name="test_questions_requires_auth" time="0.169" /><testcase classname="tests.test_endomarketing" name="test_regression_reports" time="0.117" /><testcase classname="tests.test_endomarketing" name="test_regression_touchpoints" time="0.162" /><testcase classname="tests.test_endomarketing" name="test_regression_campaigns" time="0.146" /><testcase classname="tests.test_endomarketing" name="test_regression_brand_history" time="0.369"><skipped type="pytest.skip" message="No history endpoint matched: [('/api/brands/brand_0902ead1b80c/activities', 404), ('/api/brands/brand_0902ead1b80c/history', 404), ('/api/activities?brand_id=brand_0902ead1b80c', 404)]">/app/backend/tests/test_endomarketing.py:170: No history endpoint matched: [('/api/brands/brand_0902ead1b80c/activities', 404), ('/api/brands/brand_0902ead1b80c/history', 404), ('/api/activities?brand_id=brand_0902ead1b80c', 404)]</skipped></testcase></testsuite></testsuites>