<?xml version="1.0" encoding="utf-8"?><testsuites name="pytest tests"><testsuite name="pytest" errors="0" failures="0" skipped="0" tests="17" time="4.340" timestamp="2026-03-29T22:44:33.438405+00:00" hostname="agent-env-8bd97169-ffd0-4b35-9ff4-4c8039cb29c6"><testcase classname="tests.test_clickup_integration.TestClickUpAuthProtection" name="test_status_requires_auth" time="0.654" /><testcase classname="tests.test_clickup_integration.TestClickUpAuthProtection" name="test_auth_url_requires_auth" time="0.109" /><testcase classname="tests.test_clickup_integration.TestClickUpAuthProtection" name="test_callback_requires_auth" time="0.142" /><testcase classname="tests.test_clickup_integration.TestClickUpAuthProtection" name="test_sync_task_requires_auth" time="0.160" /><testcase classname="tests.test_clickup_integration.TestClickUpAuthProtection" name="test_disconnect_requires_auth" time="0.140" /><testcase classname="tests.test_clickup_integration.TestClickUpAuthProtection" name="test_workspaces_requires_auth" time="0.208" /><testcase classname="tests.test_clickup_integration.TestClickUpStatus" name="test_status_returns_not_connected" time="0.175" /><testcase classname="tests.test_clickup_integration.TestClickUpStatus" name="test_status_with_nonexistent_brand" time="0.125" /><testcase classname="tests.test_clickup_integration.TestClickUpAuthUrl" name="test_auth_url_generation" time="0.112" /><testcase classname="tests.test_clickup_integration.TestClickUpAuthUrl" name="test_auth_url_requires_brand_id" time="0.140" /><testcase classname="tests.test_clickup_integration.TestClickUpCallback" name="test_callback_validates_params" time="0.353" /><testcase classname="tests.test_clickup_integration.TestClickUpCallback" name="test_callback_with_invalid_code" time="0.830" /><testcase classname="tests.test_clickup_integration.TestClickUpSyncTask" name="test_sync_task_when_not_connected" time="0.233" /><testcase classname="tests.test_clickup_integration.TestClickUpDisconnect" name="test_disconnect_works" time="0.253" /><testcase classname="tests.test_clickup_integration.TestClickUpDisconnect" name="test_disconnect_idempotent" time="0.225" /><testcase classname="tests.test_clickup_integration.TestClickUpWorkspacesAndLists" name="test_workspaces_when_not_connected" time="0.285" /><testcase classname="tests.test_clickup_integration.TestClickUpWorkspacesAndLists" name="test_select_list_when_not_connected" time="0.120" /></testsuite></testsuites>