<?xml version="1.0" encoding="utf-8"?><testsuites name="pytest tests"><testsuite name="pytest" errors="0" failures="0" skipped="0" tests="16" time="2.009" timestamp="2026-03-08T17:15:41.628094+00:00" hostname="agent-env-66c4e9d1-8c36-4f20-8c9f-2018f9956d2c"><testcase classname="tests.test_touchpoints_offline.TestOfflineTypesEndpoint" name="test_get_offline_types_returns_4_types" time="0.611" /><testcase classname="tests.test_touchpoints_offline.TestOfflineTypesEndpoint" name="test_palestra_type_metadata" time="0.062" /><testcase classname="tests.test_touchpoints_offline.TestOfflineTypesEndpoint" name="test_imersao_type_metadata" time="0.071" /><testcase classname="tests.test_touchpoints_offline.TestOfflineTypesEndpoint" name="test_mentoria_type_metadata" time="0.060" /><testcase classname="tests.test_touchpoints_offline.TestOfflineTypesEndpoint" name="test_all_types_have_dicas" time="0.058" /><testcase classname="tests.test_touchpoints_offline.TestCreateOfflineTouchpoint" name="test_create_offline_touchpoint_with_tipo_offline" time="0.092" /><testcase classname="tests.test_touchpoints_offline.TestCreateOfflineTouchpoint" name="test_create_offline_touchpoint_returns_guidance" time="0.058" /><testcase classname="tests.test_touchpoints_offline.TestCreateOfflineTouchpoint" name="test_guidance_for_nota_zero" time="0.054" /><testcase classname="tests.test_touchpoints_offline.TestCreateOfflineTouchpoint" name="test_guidance_for_receita_zero_with_conversoes" time="0.070" /><testcase classname="tests.test_touchpoints_offline.TestGetTouchpointsWithOfflineStats" name="test_touchpoints_response_includes_offline_stats" time="0.057" /><testcase classname="tests.test_touchpoints_offline.TestGetTouchpointsWithOfflineStats" name="test_touchpoints_response_includes_page_guidance" time="0.059" /><testcase classname="tests.test_touchpoints_offline.TestGetTouchpointsWithOfflineStats" name="test_touchpoints_response_includes_needs_update" time="0.058" /><testcase classname="tests.test_touchpoints_offline.TestGetPersonas" name="test_personas_returns_persona_names" time="0.084" /><testcase classname="tests.test_touchpoints_offline.TestUpdateTouchpointReturnsGuidance" name="test_update_touchpoint_returns_guidance" time="0.108" /><testcase classname="tests.test_touchpoints_offline.TestTouchpointOptions" name="test_options_includes_offline_types" time="0.059" /><testcase classname="tests.test_touchpoints_offline.TestCleanup" name="test_cleanup_test_touchpoints" time="0.359" /></testsuite></testsuites>