<?xml version="1.0" encoding="utf-8"?><testsuites name="pytest tests"><testsuite name="pytest" errors="0" failures="0" skipped="0" tests="15" time="6.865" timestamp="2026-02-27T12:37:21.306539+00:00" hostname="agent-env-2a683084-1c00-4e50-af9d-00a0723662b6"><testcase classname="tests.test_mock_data_removal.TestMockDataRemoval" name="test_social_listening_dashboard_empty_state" time="0.595" /><testcase classname="tests.test_mock_data_removal.TestMockDataRemoval" name="test_social_listening_mentions_empty" time="0.448" /><testcase classname="tests.test_mock_data_removal.TestMockDataRemoval" name="test_share_of_voice_empty_state" time="0.519" /><testcase classname="tests.test_mock_data_removal.TestMockDataRemoval" name="test_share_of_voice_trend_empty" time="0.487" /><testcase classname="tests.test_mock_data_removal.TestMockDataRemoval" name="test_conversion_attributes_analysis_empty" time="0.453" /><testcase classname="tests.test_mock_data_removal.TestMockDataRemoval" name="test_conversion_attributes_matrix_empty" time="0.465" /><testcase classname="tests.test_mock_data_removal.TestMockDataRemoval" name="test_brand_tracking_history_empty" time="0.462" /><testcase classname="tests.test_mock_data_removal.TestMockDataRemoval" name="test_brand_tracking_comparison" time="0.460" /><testcase classname="tests.test_mock_data_removal.TestMockDataRemoval" name="test_bvs_history_empty" time="0.462" /><testcase classname="tests.test_mock_data_removal.TestMockDataRemoval" name="test_bvs_main_score" time="0.516" /><testcase classname="tests.test_mock_data_removal.TestMockDataRemoval" name="test_admin_clean_mock_data_endpoint" time="0.485" /><testcase classname="tests.test_mock_data_removal.TestMockDataRemoval" name="test_pdf_report_generation_post" time="0.494" /><testcase classname="tests.test_mock_data_removal.TestMockDataRemoval" name="test_reports_history" time="0.446" /><testcase classname="tests.test_mock_data_removal.TestHealthAndAuth" name="test_health_check" time="0.136" /><testcase classname="tests.test_mock_data_removal.TestHealthAndAuth" name="test_admin_login" time="0.354" /></testsuite></testsuites>