<?xml version="1.0" encoding="utf-8"?><testsuites name="pytest tests"><testsuite name="pytest" errors="0" failures="0" skipped="0" tests="9" time="1.882" timestamp="2026-04-04T18:59:31.812316+00:00" hostname="agent-env-cc2e3a73-1ddd-4585-bf32-1a892ca6690f"><testcase classname="tests.test_white_label.TestWhiteLabelAPI" name="test_get_white_label_default" time="0.635" /><testcase classname="tests.test_white_label.TestWhiteLabelAPI" name="test_get_white_label_requires_auth" time="0.104" /><testcase classname="tests.test_white_label.TestWhiteLabelAPI" name="test_put_white_label_saves_colors" time="0.124" /><testcase classname="tests.test_white_label.TestWhiteLabelAPI" name="test_put_white_label_persists" time="0.221" /><testcase classname="tests.test_white_label.TestWhiteLabelAPI" name="test_put_white_label_requires_auth" time="0.105" /><testcase classname="tests.test_white_label.TestWhiteLabelAPI" name="test_put_white_label_empty_payload" time="0.115" /><testcase classname="tests.test_white_label.TestWhiteLabelAPI" name="test_delete_white_label_resets" time="0.312" /><testcase classname="tests.test_white_label.TestWhiteLabelAPI" name="test_delete_white_label_requires_auth" time="0.098" /><testcase classname="tests.test_white_label.TestWhiteLabelAPI" name="test_get_white_label_invalid_brand" time="0.104" /></testsuite></testsuites>