<?xml version="1.0" encoding="utf-8"?><testsuites name="pytest tests"><testsuite name="pytest" errors="0" failures="0" skipped="0" tests="12" time="6.519" timestamp="2026-03-20T23:39:10.818928+00:00" hostname="agent-env-53027597-ce87-4018-982c-b60abfea476e"><testcase classname="tests.test_auth_password_change.TestAuthLogin" name="test_login_returns_token_and_user_data" time="0.373" /><testcase classname="tests.test_auth_password_change.TestAuthLogin" name="test_login_returns_is_admin_field" time="0.368" /><testcase classname="tests.test_auth_password_change.TestAuthMe" name="test_auth_me_returns_user_info" time="0.482" /><testcase classname="tests.test_auth_password_change.TestAuthMe" name="test_auth_me_returns_is_admin_field" time="0.524" /><testcase classname="tests.test_auth_password_change.TestAuthMe" name="test_auth_me_without_token_returns_401" time="0.102" /><testcase classname="tests.test_auth_password_change.TestBrandsEndpoint" name="test_brands_returns_list_for_authenticated_user" time="0.450" /><testcase classname="tests.test_auth_password_change.TestBrandsEndpoint" name="test_brands_without_token_returns_401" time="0.111" /><testcase classname="tests.test_auth_password_change.TestPasswordChange" name="test_change_password_with_wrong_current_password_returns_401" time="0.675" /><testcase classname="tests.test_auth_password_change.TestPasswordChange" name="test_change_password_without_token_returns_401" time="0.125" /><testcase classname="tests.test_auth_password_change.TestPasswordChange" name="test_change_password_with_short_password_returns_400" time="0.509" /><testcase classname="tests.test_auth_password_change.TestPasswordChange" name="test_change_password_success_and_revert" time="2.302" /><testcase classname="tests.test_auth_password_change.TestLogout" name="test_logout_returns_success" time="0.445" /></testsuite></testsuites>