<?xml version="1.0" encoding="utf-8"?><testsuites name="pytest tests"><testsuite name="pytest" errors="0" failures="0" skipped="0" tests="18" time="6.137" timestamp="2026-04-04T18:48:47.702761+00:00" hostname="agent-env-cc2e3a73-1ddd-4585-bf32-1a892ca6690f"><testcase classname="tests.test_rbac_post_refactor.TestHealthAndBasics" name="test_api_health" time="0.126" /><testcase classname="tests.test_rbac_post_refactor.TestHealthAndBasics" name="test_root_health" time="0.103" /><testcase classname="tests.test_rbac_post_refactor.TestAuthentication" name="test_login_success" time="0.382" /><testcase classname="tests.test_rbac_post_refactor.TestAuthentication" name="test_login_invalid_credentials" time="0.119" /><testcase classname="tests.test_rbac_post_refactor.TestRBACPermissions" name="test_get_roles_requires_auth" time="0.462" /><testcase classname="tests.test_rbac_post_refactor.TestRBACPermissions" name="test_get_roles_returns_role_list" time="0.450" /><testcase classname="tests.test_rbac_post_refactor.TestRBACPermissions" name="test_get_my_role_requires_auth" time="0.477" /><testcase classname="tests.test_rbac_post_refactor.TestRBACPermissions" name="test_get_my_role_returns_permissions" time="0.446" /><testcase classname="tests.test_rbac_post_refactor.TestRBACPermissions" name="test_get_my_role_invalid_brand" time="0.451" /><testcase classname="tests.test_rbac_post_refactor.TestProtectedRoutes" name="test_brands_endpoint" time="0.444" /><testcase classname="tests.test_rbac_post_refactor.TestProtectedRoutes" name="test_campaigns_endpoint" time="0.455" /><testcase classname="tests.test_rbac_post_refactor.TestProtectedRoutes" name="test_social_listening_endpoint" time="0.448" /><testcase classname="tests.test_rbac_post_refactor.TestProtectedRoutes" name="test_naming_endpoint" time="0.445" /><testcase classname="tests.test_rbac_post_refactor.TestProtectedRoutes" name="test_reports_endpoint" time="0.485" /><testcase classname="tests.test_rbac_post_refactor.TestProtectedRoutes" name="test_planning_endpoint" time="0.458" /><testcase classname="tests.test_rbac_post_refactor.TestUnauthorizedAccess" name="test_brands_requires_auth" time="0.102" /><testcase classname="tests.test_rbac_post_refactor.TestUnauthorizedAccess" name="test_campaigns_requires_auth" time="0.114" /><testcase classname="tests.test_rbac_post_refactor.TestUnauthorizedAccess" name="test_permissions_my_role_requires_auth" time="0.095" /></testsuite></testsuites>