<?xml version="1.0" encoding="utf-8"?><testsuites name="pytest tests"><testsuite name="pytest" errors="0" failures="0" skipped="0" tests="7" time="3.699" timestamp="2026-03-21T23:35:22.160133+00:00" hostname="agent-env-becdeae4-2a1d-4496-b87d-5f4e840b8fc8"><testcase classname="tests.test_naming.TestNamingModule" name="test_list_naming_projects" time="0.478" /><testcase classname="tests.test_naming.TestNamingModule" name="test_create_naming_project" time="0.399" /><testcase classname="tests.test_naming.TestNamingModule" name="test_get_naming_project" time="0.496" /><testcase classname="tests.test_naming.TestNamingModule" name="test_update_naming_project_state" time="0.549" /><testcase classname="tests.test_naming.TestNamingModule" name="test_delete_naming_project" time="0.495" /><testcase classname="tests.test_naming.TestNamingModule" name="test_get_nonexistent_project" time="0.389" /><testcase classname="tests.test_naming.TestNamingModule" name="test_update_nonexistent_project" time="0.831" /></testsuite></testsuites>