<?xml version="1.0" encoding="utf-8"?><testsuites name="pytest tests"><testsuite name="pytest" errors="0" failures="0" skipped="3" tests="26" time="4.074" timestamp="2026-02-21T07:29:20.775367+00:00" hostname="agent-env-0f062093-a4e4-47ad-a518-03315cfb3d30"><testcase classname="backend.tests.test_brand_tools.TestBrandToolsSetup" name="test_login_success" time="0.364" /><testcase classname="backend.tests.test_brand_tools.TestBrandScore" name="test_get_brand_score" time="0.414" /><testcase classname="backend.tests.test_brand_tools.TestBrandScore" name="test_brand_score_recommendations" time="0.072" /><testcase classname="backend.tests.test_brand_tools.TestBrandScore" name="test_brand_score_unauthorized" time="0.055" /><testcase classname="backend.tests.test_brand_tools.TestBrandScore" name="test_brand_score_not_found" time="0.055" /><testcase classname="backend.tests.test_brand_tools.TestPDFReport" name="test_generate_pdf_report" time="0.432" /><testcase classname="backend.tests.test_brand_tools.TestPDFReport" name="test_get_report_history" time="0.091" /><testcase classname="backend.tests.test_brand_tools.TestEmailAlerts" name="test_get_alert_config" time="0.388" /><testcase classname="backend.tests.test_brand_tools.TestEmailAlerts" name="test_save_alert_config" time="0.077" /><testcase classname="backend.tests.test_brand_tools.TestEmailAlerts" name="test_send_test_alert" time="0.050" /><testcase classname="backend.tests.test_brand_tools.TestSocialListening" name="test_get_social_mentions" time="0.419" /><testcase classname="backend.tests.test_brand_tools.TestSocialListening" name="test_social_mentions_with_days_param" time="0.055" /><testcase classname="backend.tests.test_brand_tools.TestSocialListening" name="test_social_mentions_trending_topics" time="0.052" /><testcase classname="backend.tests.test_brand_tools.TestCompetitorAnalysis" name="test_analyze_competitors_basic" time="0.434"><skipped type="pytest.skip" message="Insufficient credits for competitor analysis">/app/backend/tests/test_brand_tools.py:339: Insufficient credits for competitor analysis</skipped></testcase><testcase classname="backend.tests.test_brand_tools.TestCompetitorAnalysis" name="test_competitor_analysis_insufficient_credits" time="0.060" /><testcase classname="backend.tests.test_brand_tools.TestContentGenerator" name="test_get_content_types" time="0.397" /><testcase classname="backend.tests.test_brand_tools.TestContentGenerator" name="test_generate_tagline" time="0.060"><skipped type="pytest.skip" message="Insufficient credits for content generation">/app/backend/tests/test_brand_tools.py:429: Insufficient credits for content generation</skipped></testcase><testcase classname="backend.tests.test_brand_tools.TestContentGenerator" name="test_generate_post_social" time="0.062"><skipped type="pytest.skip" message="Insufficient credits">/app/backend/tests/test_brand_tools.py:453: Insufficient credits</skipped></testcase><testcase classname="backend.tests.test_brand_tools.TestContentGenerator" name="test_invalid_content_type" time="0.055" /><testcase classname="backend.tests.test_brand_tools.TestContentGenerator" name="test_content_history" time="0.052" /><testcase classname="backend.tests.test_brand_tools.TestUnauthorizedAccess" name="test_brand_score_unauthorized" time="0.108" /><testcase classname="backend.tests.test_brand_tools.TestUnauthorizedAccess" name="test_pdf_report_unauthorized" time="0.053" /><testcase classname="backend.tests.test_brand_tools.TestUnauthorizedAccess" name="test_alerts_config_unauthorized" time="0.053" /><testcase classname="backend.tests.test_brand_tools.TestUnauthorizedAccess" name="test_social_listening_unauthorized" time="0.054" /><testcase classname="backend.tests.test_brand_tools.TestUnauthorizedAccess" name="test_competitor_analysis_unauthorized" time="0.047" /><testcase classname="backend.tests.test_brand_tools.TestUnauthorizedAccess" name="test_content_generator_unauthorized" time="0.049" /></testsuite></testsuites>