<?xml version="1.0" encoding="utf-8"?><testsuites name="pytest tests"><testsuite name="pytest" errors="0" failures="0" skipped="0" tests="16" time="6.778" timestamp="2026-03-21T02:02:51.875661+00:00" hostname="agent-env-3446d380-0a75-4eeb-8e28-af2140e70c66"><testcase classname="tests.test_ai_credits_purchase_and_pdf.TestAICreditsBalance" name="test_01_login_with_admin_user" time="0.448" /><testcase classname="tests.test_ai_credits_purchase_and_pdf.TestAICreditsBalance" name="test_02_ai_credits_balance_returns_correct_structure" time="0.459" /><testcase classname="tests.test_ai_credits_purchase_and_pdf.TestAICreditsBalance" name="test_03_ai_credits_history_returns_array" time="0.472" /><testcase classname="tests.test_ai_credits_purchase_and_pdf.TestAICreditsStripePurchase" name="test_04_purchase_starter_package_returns_checkout_url" time="0.870" /><testcase classname="tests.test_ai_credits_purchase_and_pdf.TestAICreditsStripePurchase" name="test_05_purchase_pro_package_returns_checkout_url" time="0.778" /><testcase classname="tests.test_ai_credits_purchase_and_pdf.TestAICreditsStripePurchase" name="test_06_purchase_enterprise_package_returns_checkout_url" time="0.733" /><testcase classname="tests.test_ai_credits_purchase_and_pdf.TestAICreditsStripePurchase" name="test_07_purchase_invalid_package_returns_400" time="0.397" /><testcase classname="tests.test_ai_credits_purchase_and_pdf.TestAICreditsStripePurchase" name="test_08_purchase_without_origin_url_returns_400" time="0.394" /><testcase classname="tests.test_ai_credits_purchase_and_pdf.TestPDFReportGeneration" name="test_09_executive_pdf_returns_pdf_content_type" time="0.422" /><testcase classname="tests.test_ai_credits_purchase_and_pdf.TestPDFReportGeneration" name="test_10_executive_pdf_with_minimal_sections" time="0.426" /><testcase classname="tests.test_ai_credits_purchase_and_pdf.TestPDFReportGeneration" name="test_11_executive_pdf_invalid_brand_returns_404" time="0.423" /><testcase classname="tests.test_ai_credits_purchase_and_pdf.TestPDFReportGeneration" name="test_12_report_history_endpoint" time="0.392" /><testcase classname="tests.test_ai_credits_purchase_and_pdf.TestAICreditsAuthentication" name="test_13_balance_requires_auth" time="0.150" /><testcase classname="tests.test_ai_credits_purchase_and_pdf.TestAICreditsAuthentication" name="test_14_history_requires_auth" time="0.115" /><testcase classname="tests.test_ai_credits_purchase_and_pdf.TestAICreditsAuthentication" name="test_15_purchase_requires_auth" time="0.102" /><testcase classname="tests.test_ai_credits_purchase_and_pdf.TestAICreditsAuthentication" name="test_16_pdf_report_requires_auth" time="0.120" /></testsuite></testsuites>