<?xml version="1.0" encoding="utf-8"?><testsuites name="pytest tests"><testsuite name="pytest" errors="0" failures="0" skipped="0" tests="13" time="5.564" timestamp="2026-04-05T01:09:47.272545+00:00" hostname="agent-env-cc2e3a73-1ddd-4585-bf32-1a892ca6690f"><testcase classname="tests.test_push_pagination.TestPushNotificationAPIs" name="test_get_vapid_key" time="0.590" /><testcase classname="tests.test_push_pagination.TestPushNotificationAPIs" name="test_subscribe_push_requires_auth" time="0.475" /><testcase classname="tests.test_push_pagination.TestPushNotificationAPIs" name="test_subscribe_push_with_auth" time="0.453" /><testcase classname="tests.test_push_pagination.TestPushNotificationAPIs" name="test_unsubscribe_push_requires_auth" time="0.522" /><testcase classname="tests.test_push_pagination.TestPushNotificationAPIs" name="test_unsubscribe_push_with_auth" time="0.519" /><testcase classname="tests.test_push_pagination.TestPaginationAPIs" name="test_brands_pagination_default" time="0.386" /><testcase classname="tests.test_push_pagination.TestPaginationAPIs" name="test_brands_pagination_with_params" time="0.406" /><testcase classname="tests.test_push_pagination.TestPaginationAPIs" name="test_brands_pagination_page_2" time="0.390" /><testcase classname="tests.test_push_pagination.TestPaginationAPIs" name="test_campaigns_pagination_default" time="0.412" /><testcase classname="tests.test_push_pagination.TestPaginationAPIs" name="test_campaigns_pagination_with_params" time="0.396" /><testcase classname="tests.test_push_pagination.TestPaginationAPIs" name="test_naming_pagination_default" time="0.428" /><testcase classname="tests.test_push_pagination.TestPaginationAPIs" name="test_naming_pagination_with_params" time="0.388" /><testcase classname="tests.test_push_pagination.TestServiceWorkerAccess" name="test_sw_push_js_accessible" time="0.133" /></testsuite></testsuites>