<?xml version="1.0" encoding="utf-8"?><testsuites name="pytest tests"><testsuite name="pytest" errors="0" failures="0" skipped="0" tests="25" time="18.374" timestamp="2026-02-17T05:11:46.573439+00:00" hostname="agent-env-41783ec2-d58f-4ac7-9974-a7ac27ca10fa"><testcase classname="backend.tests.test_new_modules.TestOnboarding" name="test_get_onboarding_status" time="0.504" /><testcase classname="backend.tests.test_new_modules.TestOnboarding" name="test_post_onboarding_data" time="0.178" /><testcase classname="backend.tests.test_new_modules.TestOnboarding" name="test_verify_onboarding_persisted" time="0.141" /><testcase classname="backend.tests.test_new_modules.TestBrandRiskAnalysis" name="test_get_risk_analysis_empty" time="0.133" /><testcase classname="backend.tests.test_new_modules.TestBrandRiskAnalysis" name="test_post_risk_analysis_ai" time="4.788" /><testcase classname="backend.tests.test_new_modules.TestBrandRiskAnalysis" name="test_get_risk_analysis_after_post" time="0.200" /><testcase classname="backend.tests.test_new_modules.TestCompetitorAnalysis" name="test_get_competitors_empty" time="0.122" /><testcase classname="backend.tests.test_new_modules.TestCompetitorAnalysis" name="test_put_competitors_add_competitor" time="0.135" /><testcase classname="backend.tests.test_new_modules.TestCompetitorAnalysis" name="test_verify_competitors_persisted" time="0.180" /><testcase classname="backend.tests.test_new_modules.TestConsistencyAlerts" name="test_get_consistency_alerts_empty" time="0.123" /><testcase classname="backend.tests.test_new_modules.TestConsistencyAlerts" name="test_post_consistency_alerts_ai" time="9.358" /><testcase classname="backend.tests.test_new_modules.TestConsistencyAlerts" name="test_get_consistency_alerts_after_post" time="0.192" /><testcase classname="backend.tests.test_new_modules.TestGoogleIntegration" name="test_get_google_integration_initial" time="0.144" /><testcase classname="backend.tests.test_new_modules.TestGoogleIntegration" name="test_connect_google_analytics" time="0.176" /><testcase classname="backend.tests.test_new_modules.TestGoogleIntegration" name="test_connect_search_console" time="0.183" /><testcase classname="backend.tests.test_new_modules.TestGoogleIntegration" name="test_verify_google_integration_persisted" time="0.110" /><testcase classname="backend.tests.test_new_modules.TestGoogleIntegration" name="test_refresh_google_data" time="0.112" /><testcase classname="backend.tests.test_new_modules.TestGoogleIntegration" name="test_disconnect_analytics" time="0.142" /><testcase classname="backend.tests.test_new_modules.TestGoogleIntegration" name="test_disconnect_search_console" time="0.113" /><testcase classname="backend.tests.test_new_modules.TestGoogleIntegration" name="test_verify_disconnection" time="0.401" /><testcase classname="backend.tests.test_new_modules.TestGoogleIntegration" name="test_reconnect_for_frontend_testing" time="0.348" /><testcase classname="backend.tests.test_new_modules.TestUnauthorizedAccess" name="test_risk_analysis_unauthorized" time="0.155" /><testcase classname="backend.tests.test_new_modules.TestUnauthorizedAccess" name="test_competitors_unauthorized" time="0.107" /><testcase classname="backend.tests.test_new_modules.TestUnauthorizedAccess" name="test_consistency_alerts_unauthorized" time="0.097" /><testcase classname="backend.tests.test_new_modules.TestUnauthorizedAccess" name="test_google_integration_unauthorized" time="0.173" /></testsuite></testsuites>