<?xml version="1.0" encoding="utf-8"?><testsuites name="pytest tests"><testsuite name="pytest" errors="0" failures="0" skipped="0" tests="15" time="4.884" timestamp="2026-03-10T01:52:05.830842+00:00" hostname="agent-env-66c4e9d1-8c36-4f20-8c9f-2018f9956d2c"><testcase classname="tests.test_collaboration_tracking.TestApprovalsEndpoints" name="test_01_get_approvals_empty_or_list" time="0.644" /><testcase classname="tests.test_collaboration_tracking.TestApprovalsEndpoints" name="test_02_create_approval_pending_status" time="0.139" /><testcase classname="tests.test_collaboration_tracking.TestApprovalsEndpoints" name="test_03_approval_action_approve" time="0.293" /><testcase classname="tests.test_collaboration_tracking.TestApprovalsEndpoints" name="test_04_approval_action_reject" time="0.296" /><testcase classname="tests.test_collaboration_tracking.TestApprovalsEndpoints" name="test_05_approval_action_request_changes" time="0.235" /><testcase classname="tests.test_collaboration_tracking.TestActivityLogEndpoints" name="test_01_get_activity_log" time="0.491" /><testcase classname="tests.test_collaboration_tracking.TestCommentsEndpoints" name="test_01_get_comments_list" time="0.473" /><testcase classname="tests.test_collaboration_tracking.TestCommentsEndpoints" name="test_02_create_comment" time="0.109" /><testcase classname="tests.test_collaboration_tracking.TestCommentsEndpoints" name="test_03_delete_own_comment" time="0.380" /><testcase classname="tests.test_collaboration_tracking.TestBrandTrackingEndpoints" name="test_01_get_tracking_history" time="0.495" /><testcase classname="tests.test_collaboration_tracking.TestBrandTrackingEndpoints" name="test_02_get_tracking_comparison" time="0.123" /><testcase classname="tests.test_collaboration_tracking.TestBrandTrackingEndpoints" name="test_03_create_tracking_snapshot" time="0.129" /><testcase classname="tests.test_collaboration_tracking.TestBrandTrackingEndpoints" name="test_04_verify_snapshot_in_history" time="0.229" /><testcase classname="tests.test_collaboration_tracking.TestCleanup" name="test_cleanup_approvals" time="0.483" /><testcase classname="tests.test_collaboration_tracking.TestCleanup" name="test_cleanup_comments" time="0.255" /></testsuite></testsuites>