<?xml version="1.0" encoding="utf-8"?><testsuites name="pytest tests"><testsuite name="pytest" errors="0" failures="0" skipped="0" tests="22" time="3.396" timestamp="2026-03-29T23:29:47.308986+00:00" hostname="agent-env-8bd97169-ffd0-4b35-9ff4-4c8039cb29c6"><testcase classname="tests.test_social_fetcher_clickup_stats.TestClickupSyncStats" name="test_sync_stats_requires_auth" time="0.239" /><testcase classname="tests.test_social_fetcher_clickup_stats.TestClickupSyncStats" name="test_sync_stats_returns_counts" time="0.561" /><testcase classname="tests.test_social_fetcher_clickup_stats.TestClickupSyncHistoryPeriodFilter" name="test_sync_history_with_days_param" time="0.141" /><testcase classname="tests.test_social_fetcher_clickup_stats.TestClickupSyncHistoryPeriodFilter" name="test_sync_history_days_30" time="0.150" /><testcase classname="tests.test_social_fetcher_clickup_stats.TestClickupSyncHistoryPeriodFilter" name="test_sync_history_days_0_returns_all" time="0.138" /><testcase classname="tests.test_social_fetcher_clickup_stats.TestSocialListeningPlatforms" name="test_platforms_requires_auth" time="0.125" /><testcase classname="tests.test_social_fetcher_clickup_stats.TestSocialListeningPlatforms" name="test_platforms_returns_5_platforms" time="0.132" /><testcase classname="tests.test_social_fetcher_clickup_stats.TestSocialListeningPlatforms" name="test_tiktok_has_setup_guide" time="0.107" /><testcase classname="tests.test_social_fetcher_clickup_stats.TestSocialFetcherInstagram" name="test_instagram_fetcher_requires_auth" time="0.116" /><testcase classname="tests.test_social_fetcher_clickup_stats.TestSocialFetcherInstagram" name="test_instagram_fetcher_not_connected" time="0.123" /><testcase classname="tests.test_social_fetcher_clickup_stats.TestSocialFetcherFacebook" name="test_facebook_fetcher_requires_auth" time="0.108" /><testcase classname="tests.test_social_fetcher_clickup_stats.TestSocialFetcherFacebook" name="test_facebook_fetcher_not_connected" time="0.156" /><testcase classname="tests.test_social_fetcher_clickup_stats.TestSocialFetcherYoutube" name="test_youtube_fetcher_requires_auth" time="0.131" /><testcase classname="tests.test_social_fetcher_clickup_stats.TestSocialFetcherYoutube" name="test_youtube_fetcher_not_connected" time="0.109" /><testcase classname="tests.test_social_fetcher_clickup_stats.TestSocialFetcherLinkedin" name="test_linkedin_fetcher_requires_auth" time="0.116" /><testcase classname="tests.test_social_fetcher_clickup_stats.TestSocialFetcherLinkedin" name="test_linkedin_fetcher_not_connected" time="0.102" /><testcase classname="tests.test_social_fetcher_clickup_stats.TestSocialFetcherTiktok" name="test_tiktok_fetcher_requires_auth" time="0.135" /><testcase classname="tests.test_social_fetcher_clickup_stats.TestSocialFetcherTiktok" name="test_tiktok_fetcher_not_connected" time="0.149" /><testcase classname="tests.test_social_fetcher_clickup_stats.TestSocialFetcherAll" name="test_fetch_all_requires_auth" time="0.123" /><testcase classname="tests.test_social_fetcher_clickup_stats.TestSocialFetcherAll" name="test_fetch_all_no_platforms_connected" time="0.112" /><testcase classname="tests.test_social_fetcher_clickup_stats.TestSocialProfiles" name="test_social_profiles_requires_auth" time="0.118" /><testcase classname="tests.test_social_fetcher_clickup_stats.TestSocialProfiles" name="test_social_profiles_returns_empty_array" time="0.122" /></testsuite></testsuites>