<?xml version="1.0" encoding="utf-8"?><testsuites name="pytest tests"><testsuite name="pytest" errors="0" failures="0" skipped="0" tests="22" time="3.429" timestamp="2026-03-29T23:41:52.818000+00:00" hostname="agent-env-8bd97169-ffd0-4b35-9ff4-4c8039cb29c6"><testcase classname="tests.test_campaigns_social_dashboard.TestCampaignsAuth" name="test_list_campaigns_requires_auth" time="0.224" /><testcase classname="tests.test_campaigns_social_dashboard.TestCampaignsAuth" name="test_create_campaign_requires_auth" time="0.165" /><testcase classname="tests.test_campaigns_social_dashboard.TestCampaignsAuth" name="test_update_campaign_requires_auth" time="0.134" /><testcase classname="tests.test_campaigns_social_dashboard.TestCampaignsAuth" name="test_delete_campaign_requires_auth" time="0.114" /><testcase classname="tests.test_campaigns_social_dashboard.TestCampaignsCRUD" name="test_list_campaigns" time="0.596" /><testcase classname="tests.test_campaigns_social_dashboard.TestCampaignsCRUD" name="test_create_campaign" time="0.111" /><testcase classname="tests.test_campaigns_social_dashboard.TestCampaignsCRUD" name="test_update_campaign" time="0.113" /><testcase classname="tests.test_campaigns_social_dashboard.TestCampaignsCRUD" name="test_update_nonexistent_campaign_returns_404" time="0.107" /><testcase classname="tests.test_campaigns_social_dashboard.TestCampaignsCRUD" name="test_delete_campaign" time="0.251" /><testcase classname="tests.test_campaigns_social_dashboard.TestCampaignsCRUD" name="test_delete_nonexistent_campaign_returns_404" time="0.143" /><testcase classname="tests.test_campaigns_social_dashboard.TestCampaignPostLinking" name="test_link_post_requires_auth" time="0.124" /><testcase classname="tests.test_campaigns_social_dashboard.TestCampaignPostLinking" name="test_link_post_requires_mention_id" time="0.141" /><testcase classname="tests.test_campaigns_social_dashboard.TestCampaignPostLinking" name="test_link_post_returns_404_for_invalid_mention" time="0.101" /><testcase classname="tests.test_campaigns_social_dashboard.TestCampaignPostLinking" name="test_get_campaign_posts_requires_auth" time="0.112" /><testcase classname="tests.test_campaigns_social_dashboard.TestCampaignPostLinking" name="test_get_campaign_posts" time="0.115" /><testcase classname="tests.test_campaigns_social_dashboard.TestCampaignPostLinking" name="test_get_campaign_posts_returns_404_for_invalid_campaign" time="0.115" /><testcase classname="tests.test_campaigns_social_dashboard.TestCampaignPostLinking" name="test_unlink_post_requires_auth" time="0.114" /><testcase classname="tests.test_campaigns_social_dashboard.TestCampaignPostLinking" name="test_unlink_post_works" time="0.126" /><testcase classname="tests.test_campaigns_social_dashboard.TestSocialDashboard" name="test_social_dashboard_requires_auth" time="0.099" /><testcase classname="tests.test_campaigns_social_dashboard.TestSocialDashboard" name="test_social_dashboard_returns_structure" time="0.104" /><testcase classname="tests.test_campaigns_social_dashboard.TestSocialDashboard" name="test_social_dashboard_with_no_connections" time="0.100" /><testcase classname="tests.test_campaigns_social_dashboard.TestExistingCampaign" name="test_existing_campaign_exists" time="0.123" /></testsuite></testsuites>