<?xml version="1.0" encoding="utf-8"?><testsuites name="pytest tests"><testsuite name="pytest" errors="0" failures="0" skipped="0" tests="13" time="3.914" timestamp="2026-02-10T23:26:36.155193+00:00" hostname="agent-env-fe8dd6da-698f-4e98-ba16-d09e01610b03"><testcase classname="backend.tests.test_valuation.TestValuationAPI" name="test_api_root" time="0.331" /><testcase classname="backend.tests.test_valuation.TestValuationAPI" name="test_get_valuation_pillar_empty" time="0.310" /><testcase classname="backend.tests.test_valuation.TestValuationAPI" name="test_put_valuation_pillar_financial_data" time="0.316" /><testcase classname="backend.tests.test_valuation.TestValuationAPI" name="test_put_valuation_pillar_role_of_brand" time="0.269" /><testcase classname="backend.tests.test_valuation.TestValuationAPI" name="test_put_valuation_pillar_brand_strength" time="0.310" /><testcase classname="backend.tests.test_valuation.TestValuationAPI" name="test_put_valuation_pillar_complete_data" time="0.283" /><testcase classname="backend.tests.test_valuation.TestValuationAPI" name="test_get_valuation_pillar_verify_persistence" time="0.274" /><testcase classname="backend.tests.test_valuation.TestValuationAPI" name="test_valuation_pillar_unauthorized" time="0.293" /><testcase classname="backend.tests.test_valuation.TestValuationAPI" name="test_valuation_pillar_with_recommendations" time="0.308" /><testcase classname="backend.tests.test_valuation.TestAuthenticationFlow" name="test_login_with_demo_credentials" time="0.263" /><testcase classname="backend.tests.test_valuation.TestAuthenticationFlow" name="test_get_current_user" time="0.308" /><testcase classname="backend.tests.test_valuation.TestBrandAccess" name="test_get_brands_list" time="0.269" /><testcase classname="backend.tests.test_valuation.TestBrandAccess" name="test_get_specific_brand" time="0.267" /></testsuite></testsuites>