<?xml version="1.0" encoding="utf-8"?><testsuites name="pytest tests"><testsuite name="pytest" errors="0" failures="1" skipped="0" tests="13" time="13.584" timestamp="2026-02-17T07:03:12.505104+00:00" hostname="agent-env-8f94da64-1a96-405d-9705-450e83a11cdb"><testcase classname="backend.tests.test_maturity_diagnosis.TestMaturityDiagnosisModule" name="test_01_login_success" time="1.161" /><testcase classname="backend.tests.test_maturity_diagnosis.TestMaturityDiagnosisModule" name="test_02_plans_endpoint_trial_days" time="0.422" /><testcase classname="backend.tests.test_maturity_diagnosis.TestMaturityDiagnosisModule" name="test_03_maturity_dimensions_endpoint" time="0.493" /><testcase classname="backend.tests.test_maturity_diagnosis.TestMaturityDiagnosisModule" name="test_04_save_maturity_diagnosis" time="0.451" /><testcase classname="backend.tests.test_maturity_diagnosis.TestMaturityDiagnosisModule" name="test_05_get_maturity_diagnosis" time="0.432" /><testcase classname="backend.tests.test_maturity_diagnosis.TestMaturityDiagnosisModule" name="test_06_ai_credits_balance" time="0.466" /><testcase classname="backend.tests.test_maturity_diagnosis.TestMaturityDiagnosisModule" name="test_07_maturity_recommendations_ai" time="7.055" /><testcase classname="backend.tests.test_maturity_diagnosis.TestMaturityDiagnosisModule" name="test_08_ai_credits_history" time="0.471"><failure message="AssertionError: History should be a list&#10;assert False&#10; +  where False = isinstance({'history': [{'action': 'suggestion', 'created_at': '2026-02-17T07:03:16.469588+00:00', 'credits': -1, 'user_id': 'user_9f0de0d45197'}, {'action': 'risk_analysis', 'created_at': '2026-02-17T06:45:39.795586+00:00', 'credits': -5, 'user_id': 'user_9f0de0d45197'}, {'action': 'risk_analysis', 'created_at': '2026-02-17T06:45:34.308120+00:00', 'credits': -5, 'user_id': 'user_9f0de0d45197'}, {'action': 'brand_way_suggestion', 'created_at': '2026-02-17T06:44:56.812366+00:00', 'credits': -2, 'user_id': 'user_9f0de0d45197'}, {'action': 'mentor_insight', 'created_at': '2026-02-17T06:44:49.348933+00:00', 'credits': -3, 'user_id': 'user_9f0de0d45197'}, {'action': 'suggestion', 'created_at': '2026-02-17T06:44:43.325373+00:00', 'credits': -1, 'user_id': 'user_9f0de0d45197'}, ...]}, list)">backend/tests/test_maturity_diagnosis.py:246: in test_08_ai_credits_history
    assert isinstance(data, list), "History should be a list"
E   AssertionError: History should be a list
E   assert False
E    +  where False = isinstance({'history': [{'action': 'suggestion', 'created_at': '2026-02-17T07:03:16.469588+00:00', 'credits': -1, 'user_id': 'user_9f0de0d45197'}, {'action': 'risk_analysis', 'created_at': '2026-02-17T06:45:39.795586+00:00', 'credits': -5, 'user_id': 'user_9f0de0d45197'}, {'action': 'risk_analysis', 'created_at': '2026-02-17T06:45:34.308120+00:00', 'credits': -5, 'user_id': 'user_9f0de0d45197'}, {'action': 'brand_way_suggestion', 'created_at': '2026-02-17T06:44:56.812366+00:00', 'credits': -2, 'user_id': 'user_9f0de0d45197'}, {'action': 'mentor_insight', 'created_at': '2026-02-17T06:44:49.348933+00:00', 'credits': -3, 'user_id': 'user_9f0de0d45197'}, {'action': 'suggestion', 'created_at': '2026-02-17T06:44:43.325373+00:00', 'credits': -1, 'user_id': 'user_9f0de0d45197'}, ...]}, list)</failure></testcase><testcase classname="backend.tests.test_maturity_diagnosis.TestMaturityDiagnosisModule" name="test_09_unauthorized_dimensions" time="0.505" /><testcase classname="backend.tests.test_maturity_diagnosis.TestMaturityDiagnosisModule" name="test_10_unauthorized_diagnosis" time="0.645" /><testcase classname="backend.tests.test_maturity_diagnosis.TestMaturityDiagnosisModule" name="test_11_unauthorized_recommendations" time="0.503" /><testcase classname="backend.tests.test_maturity_diagnosis.TestMaturityDimensionsStructure" name="test_dimension_questions_have_weights" time="0.463" /><testcase classname="backend.tests.test_maturity_diagnosis.TestMaturityDimensionsStructure" name="test_total_questions_count" time="0.416" /></testsuite></testsuites>