<?xml version="1.0" encoding="utf-8"?><testsuites name="pytest tests"><testsuite name="pytest" errors="0" failures="0" skipped="0" tests="9" time="3.434" timestamp="2026-02-27T13:41:43.542181+00:00" hostname="agent-env-2a683084-1c00-4e50-af9d-00a0723662b6"><testcase classname="tests.test_5_new_issues.TestIssue1_AudienceInfluencers" name="test_influencers_endpoint_returns_404" time="0.507" /><testcase classname="tests.test_5_new_issues.TestIssue2_Benchmark" name="test_benchmark_returns_has_data_flag" time="0.452" /><testcase classname="tests.test_5_new_issues.TestIssue2_Benchmark" name="test_benchmark_no_fake_95th_percentile" time="0.112" /><testcase classname="tests.test_5_new_issues.TestIssue3_BrandFunnel" name="test_brand_funnel_no_fake_values" time="0.473" /><testcase classname="tests.test_5_new_issues.TestIssue3_BrandFunnel" name="test_brand_funnel_empty_state_message" time="0.104" /><testcase classname="tests.test_5_new_issues.TestIssue4_BrandHealth" name="test_brand_health_funnel_section" time="0.593" /><testcase classname="tests.test_5_new_issues.TestIssue5_PillarValues" name="test_metrics_endpoint_pillar_calculation" time="0.501" /><testcase classname="tests.test_5_new_issues.TestIssue5_PillarValues" name="test_values_pillar_data_structure" time="0.122" /><testcase classname="tests.test_5_new_issues.TestAdminCleanup" name="test_admin_cleanup_includes_estimated_funnel" time="0.518" /></testsuite></testsuites>