<?xml version="1.0" encoding="utf-8"?><testsuites name="pytest tests"><testsuite name="pytest" errors="0" failures="0" skipped="0" tests="10" time="1.313" timestamp="2026-03-21T01:06:26.571598+00:00" hostname="agent-env-3446d380-0a75-4eeb-8e28-af2140e70c66"><testcase classname="tests.test_cors_fix.TestCORSConfiguration" name="test_cors_preflight_returns_explicit_origin" time="0.003" /><testcase classname="tests.test_cors_fix.TestCORSConfiguration" name="test_cors_preflight_preview_origin" time="0.002" /><testcase classname="tests.test_cors_fix.TestCORSConfiguration" name="test_cors_allows_required_methods" time="0.002" /><testcase classname="tests.test_cors_fix.TestAuthenticationFlow" name="test_login_returns_token" time="0.272" /><testcase classname="tests.test_cors_fix.TestAuthenticationFlow" name="test_login_invalid_credentials" time="0.241" /><testcase classname="tests.test_cors_fix.TestAuthenticationFlow" name="test_auth_me_with_token" time="0.244" /><testcase classname="tests.test_cors_fix.TestAuthenticationFlow" name="test_auth_me_without_token" time="0.002" /><testcase classname="tests.test_cors_fix.TestBrandsEndpoint" name="test_brands_returns_array" time="0.244" /><testcase classname="tests.test_cors_fix.TestBrandsEndpoint" name="test_brands_without_token" time="0.002" /><testcase classname="tests.test_cors_fix.TestCORSWithActualRequests" name="test_login_response_has_cors_headers" time="0.241" /></testsuite></testsuites>