<?xml version="1.0" encoding="utf-8"?><testsuites name="pytest tests"><testsuite name="pytest" errors="0" failures="0" skipped="0" tests="15" time="1.811" timestamp="2026-03-10T01:15:56.738273+00:00" hostname="agent-env-66c4e9d1-8c36-4f20-8c9f-2018f9956d2c"><testcase classname="tests.test_tv_type_and_admin_dashboard.TestTVOfflineType" name="test_tv_type_exists_instead_of_midia" time="0.676" /><testcase classname="tests.test_tv_type_and_admin_dashboard.TestTVOfflineType" name="test_tv_type_has_campos_extras" time="0.069" /><testcase classname="tests.test_tv_type_and_admin_dashboard.TestTVOfflineType" name="test_tv_type_label_and_description" time="0.058" /><testcase classname="tests.test_tv_type_and_admin_dashboard.TestTVOfflineType" name="test_tv_type_has_emissora_and_dia_horario_dicas" time="0.069" /><testcase classname="tests.test_tv_type_and_admin_dashboard.TestTVTouchpointCreation" name="test_create_tv_touchpoint_with_emissora_and_dia_horario" time="0.059" /><testcase classname="tests.test_tv_type_and_admin_dashboard.TestTVTouchpointCreation" name="test_tv_touchpoint_non_tv_type_emissora_cleared" time="0.065" /><testcase classname="tests.test_tv_type_and_admin_dashboard.TestAdminUsersEndpoint" name="test_admin_users_returns_enriched_data" time="0.069" /><testcase classname="tests.test_tv_type_and_admin_dashboard.TestAdminUsersEndpoint" name="test_admin_users_summary_stats" time="0.077" /><testcase classname="tests.test_tv_type_and_admin_dashboard.TestAdminUsersEndpoint" name="test_admin_users_payment_status_values" time="0.073" /><testcase classname="tests.test_tv_type_and_admin_dashboard.TestAdminUsersFilters" name="test_search_filter" time="0.067" /><testcase classname="tests.test_tv_type_and_admin_dashboard.TestAdminUsersFilters" name="test_role_filter" time="0.065" /><testcase classname="tests.test_tv_type_and_admin_dashboard.TestAdminUsersFilters" name="test_plan_filter_paying" time="0.066" /><testcase classname="tests.test_tv_type_and_admin_dashboard.TestAdminUsersFilters" name="test_plan_filter_free" time="0.066" /><testcase classname="tests.test_tv_type_and_admin_dashboard.TestAdminAuthorization" name="test_admin_endpoint_requires_admin_role" time="0.110" /><testcase classname="tests.test_tv_type_and_admin_dashboard.TestCleanup" name="test_cleanup_test_touchpoints" time="0.129" /></testsuite></testsuites>