<?xml version="1.0" encoding="utf-8"?><testsuites name="pytest tests"><testsuite name="pytest" errors="0" failures="0" skipped="0" tests="13" time="11.909" timestamp="2026-02-17T07:03:45.160458+00:00" hostname="agent-env-8f94da64-1a96-405d-9705-450e83a11cdb"><testcase classname="backend.tests.test_maturity_diagnosis.TestMaturityDiagnosisModule" name="test_01_login_success" time="0.829" /><testcase classname="backend.tests.test_maturity_diagnosis.TestMaturityDiagnosisModule" name="test_02_plans_endpoint_trial_days" time="0.471" /><testcase classname="backend.tests.test_maturity_diagnosis.TestMaturityDiagnosisModule" name="test_03_maturity_dimensions_endpoint" time="0.490" /><testcase classname="backend.tests.test_maturity_diagnosis.TestMaturityDiagnosisModule" name="test_04_save_maturity_diagnosis" time="0.459" /><testcase classname="backend.tests.test_maturity_diagnosis.TestMaturityDiagnosisModule" name="test_05_get_maturity_diagnosis" time="0.450" /><testcase classname="backend.tests.test_maturity_diagnosis.TestMaturityDiagnosisModule" name="test_06_ai_credits_balance" time="0.470" /><testcase classname="backend.tests.test_maturity_diagnosis.TestMaturityDiagnosisModule" name="test_07_maturity_recommendations_ai" time="5.798" /><testcase classname="backend.tests.test_maturity_diagnosis.TestMaturityDiagnosisModule" name="test_08_ai_credits_history" time="0.517" /><testcase classname="backend.tests.test_maturity_diagnosis.TestMaturityDiagnosisModule" name="test_09_unauthorized_dimensions" time="0.509" /><testcase classname="backend.tests.test_maturity_diagnosis.TestMaturityDiagnosisModule" name="test_10_unauthorized_diagnosis" time="0.526" /><testcase classname="backend.tests.test_maturity_diagnosis.TestMaturityDiagnosisModule" name="test_11_unauthorized_recommendations" time="0.443" /><testcase classname="backend.tests.test_maturity_diagnosis.TestMaturityDimensionsStructure" name="test_dimension_questions_have_weights" time="0.435" /><testcase classname="backend.tests.test_maturity_diagnosis.TestMaturityDimensionsStructure" name="test_total_questions_count" time="0.436" /></testsuite></testsuites>