<?xml version="1.0" encoding="utf-8"?><testsuites name="pytest tests"><testsuite name="pytest" errors="0" failures="0" skipped="0" tests="17" time="3.564" timestamp="2026-04-07T02:19:29.927270+00:00" hostname="agent-env-cc2e3a73-1ddd-4585-bf32-1a892ca6690f"><testcase classname="tests.test_valuation_architecture.TestValuationSectors" name="test_get_sectors_returns_8_sectors" time="0.130" /><testcase classname="tests.test_valuation_architecture.TestValuationSectors" name="test_sectors_have_required_fields" time="0.100" /><testcase classname="tests.test_valuation_architecture.TestValuationCRUD" name="test_create_valuation_with_computed_results" time="0.460" /><testcase classname="tests.test_valuation_architecture.TestValuationCRUD" name="test_list_valuations" time="0.118" /><testcase classname="tests.test_valuation_architecture.TestValuationCRUD" name="test_get_single_valuation" time="0.109" /><testcase classname="tests.test_valuation_architecture.TestValuationCRUD" name="test_delete_valuation" time="0.211" /><testcase classname="tests.test_valuation_architecture.TestValuationCRUD" name="test_valuation_requires_auth" time="0.235" /><testcase classname="tests.test_valuation_architecture.TestBrandArchitecture" name="test_get_architecture_returns_default" time="0.105" /><testcase classname="tests.test_valuation_architecture.TestBrandArchitecture" name="test_update_architecture_type" time="0.333" /><testcase classname="tests.test_valuation_architecture.TestBrandArchitecture" name="test_update_global_presence" time="0.116" /><testcase classname="tests.test_valuation_architecture.TestBrandArchitecture" name="test_add_product" time="0.109" /><testcase classname="tests.test_valuation_architecture.TestBrandArchitecture" name="test_product_appears_in_architecture" time="0.112" /><testcase classname="tests.test_valuation_architecture.TestBrandArchitecture" name="test_remove_product" time="0.271" /><testcase classname="tests.test_valuation_architecture.TestBrandArchitecture" name="test_architecture_requires_auth" time="0.328" /><testcase classname="tests.test_valuation_architecture.TestValuationComputation" name="test_low_margin_adjustment" time="0.289" /><testcase classname="tests.test_valuation_architecture.TestValuationComputation" name="test_high_margin_adjustment" time="0.266" /><testcase classname="tests.test_valuation_architecture.TestValuationComputation" name="test_brand_value_calculation" time="0.217" /></testsuite></testsuites>