<?xml version="1.0" encoding="utf-8"?><testsuites name="pytest tests"><testsuite name="pytest" errors="0" failures="0" skipped="0" tests="8" time="1.940" timestamp="2026-03-20T22:36:25.498439+00:00" hostname="agent-env-53027597-ce87-4018-982c-b60abfea476e"><testcase classname="tests.test_auth_login.TestAuthLogin" name="test_login_success" time="0.408" /><testcase classname="tests.test_auth_login.TestAuthLogin" name="test_login_invalid_password" time="0.338" /><testcase classname="tests.test_auth_login.TestAuthLogin" name="test_login_invalid_email" time="0.147" /><testcase classname="tests.test_auth_login.TestAuthLogin" name="test_login_missing_fields" time="0.113" /><testcase classname="tests.test_auth_login.TestAuthMe" name="test_get_me_with_valid_token" time="0.519" /><testcase classname="tests.test_auth_login.TestAuthMe" name="test_get_me_without_token" time="0.100" /><testcase classname="tests.test_auth_login.TestAuthMe" name="test_get_me_with_invalid_token" time="0.148" /><testcase classname="tests.test_auth_login.TestAuthLogout" name="test_logout_success" time="0.109" /></testsuite></testsuites>