<?xml version="1.0" encoding="utf-8"?><testsuites name="pytest tests"><testsuite name="pytest" errors="0" failures="0" skipped="0" tests="21" time="9.706" timestamp="2026-02-21T07:51:46.423568+00:00" hostname="agent-env-0f062093-a4e4-47ad-a518-03315cfb3d30"><testcase classname="tests.test_modular_refactor.TestHealthAndAuth" name="test_health_check" time="0.193" /><testcase classname="tests.test_modular_refactor.TestHealthAndAuth" name="test_login_success_demo_user" time="0.372" /><testcase classname="tests.test_modular_refactor.TestHealthAndAuth" name="test_login_invalid_credentials" time="0.101" /><testcase classname="tests.test_modular_refactor.TestHealthAndAuth" name="test_admin_login" time="0.336" /><testcase classname="tests.test_modular_refactor.TestBrandsRoutes" name="test_get_brands" time="0.484" /><testcase classname="tests.test_modular_refactor.TestBrandToolsRoutes" name="test_get_brand_score" time="0.553" /><testcase classname="tests.test_modular_refactor.TestBrandToolsRoutes" name="test_get_report_history" time="0.565" /><testcase classname="tests.test_modular_refactor.TestBrandToolsRoutes" name="test_get_alert_config" time="0.545" /><testcase classname="tests.test_modular_refactor.TestAdsRoutes" name="test_get_ads_providers" time="0.633" /><testcase classname="tests.test_modular_refactor.TestAdsRoutes" name="test_get_intelligence_summary" time="0.566" /><testcase classname="tests.test_modular_refactor.TestCRMRoutes" name="test_get_crm_providers" time="0.566" /><testcase classname="tests.test_modular_refactor.TestCRMRoutes" name="test_get_brand_crm_integrations" time="0.569" /><testcase classname="tests.test_modular_refactor.TestTouchpointsRoutes" name="test_get_touchpoints" time="0.566" /><testcase classname="tests.test_modular_refactor.TestNamingRoutes" name="test_get_naming_archetypes" time="0.552" /><testcase classname="tests.test_modular_refactor.TestNamingRoutes" name="test_get_naming_criteria" time="0.551" /><testcase classname="tests.test_modular_refactor.TestNamingRoutes" name="test_get_naming_projects" time="0.556" /><testcase classname="tests.test_modular_refactor.TestExtrasRoutes" name="test_get_template_sectors" time="0.563" /><testcase classname="tests.test_modular_refactor.TestExtrasRoutes" name="test_get_competitor_groups" time="0.563" /><testcase classname="tests.test_modular_refactor.TestExtrasRoutes" name="test_get_dashboard_metrics" time="0.548" /><testcase classname="tests.test_modular_refactor.TestUnauthorizedAccess" name="test_brands_unauthorized" time="0.110" /><testcase classname="tests.test_modular_refactor.TestUnauthorizedAccess" name="test_brand_score_unauthorized" time="0.125" /></testsuite></testsuites>