<?xml version="1.0" encoding="utf-8"?><testsuites name="pytest tests"><testsuite name="pytest" errors="0" failures="1" skipped="3" tests="26" time="4.605" timestamp="2026-02-21T07:28:17.101593+00:00" hostname="agent-env-0f062093-a4e4-47ad-a518-03315cfb3d30"><testcase classname="backend.tests.test_brand_tools.TestBrandToolsSetup" name="test_login_success" time="0.465" /><testcase classname="backend.tests.test_brand_tools.TestBrandScore" name="test_get_brand_score" time="0.409" /><testcase classname="backend.tests.test_brand_tools.TestBrandScore" name="test_brand_score_recommendations" time="0.063" /><testcase classname="backend.tests.test_brand_tools.TestBrandScore" name="test_brand_score_unauthorized" time="0.051" /><testcase classname="backend.tests.test_brand_tools.TestBrandScore" name="test_brand_score_not_found" time="0.059" /><testcase classname="backend.tests.test_brand_tools.TestPDFReport" name="test_generate_pdf_report" time="0.407" /><testcase classname="backend.tests.test_brand_tools.TestPDFReport" name="test_get_report_history" time="0.409"><failure message="requests.exceptions.JSONDecodeError: Expecting value: line 1 column 1 (char 0)">/root/.venv/lib/python3.11/site-packages/requests/models.py:976: in json
    return complexjson.loads(self.text, **kwargs)
           ^^^^^^^^^^^^^^^^^^^^^^^^^^^^^^^^^^^^^^
/usr/local/lib/python3.11/json/__init__.py:346: in loads
    return _default_decoder.decode(s)
           ^^^^^^^^^^^^^^^^^^^^^^^^^^
/usr/local/lib/python3.11/json/decoder.py:337: in decode
    obj, end = self.raw_decode(s, idx=_w(s, 0).end())
               ^^^^^^^^^^^^^^^^^^^^^^^^^^^^^^^^^^^^^^
/usr/local/lib/python3.11/json/decoder.py:355: in raw_decode
    raise JSONDecodeError("Expecting value", s, err.value) from None
E   json.decoder.JSONDecodeError: Expecting value: line 1 column 1 (char 0)

During handling of the above exception, another exception occurred:
backend/tests/test_brand_tools.py:161: in test_get_report_history
    data = response.json()
           ^^^^^^^^^^^^^^^
/root/.venv/lib/python3.11/site-packages/requests/models.py:980: in json
    raise RequestsJSONDecodeError(e.msg, e.doc, e.pos)
E   requests.exceptions.JSONDecodeError: Expecting value: line 1 column 1 (char 0)</failure></testcase><testcase classname="backend.tests.test_brand_tools.TestEmailAlerts" name="test_get_alert_config" time="0.412" /><testcase classname="backend.tests.test_brand_tools.TestEmailAlerts" name="test_save_alert_config" time="0.077" /><testcase classname="backend.tests.test_brand_tools.TestEmailAlerts" name="test_send_test_alert" time="0.061" /><testcase classname="backend.tests.test_brand_tools.TestSocialListening" name="test_get_social_mentions" time="0.404" /><testcase classname="backend.tests.test_brand_tools.TestSocialListening" name="test_social_mentions_with_days_param" time="0.069" /><testcase classname="backend.tests.test_brand_tools.TestSocialListening" name="test_social_mentions_trending_topics" time="0.052" /><testcase classname="backend.tests.test_brand_tools.TestCompetitorAnalysis" name="test_analyze_competitors_basic" time="0.416"><skipped type="pytest.skip" message="Insufficient credits for competitor analysis">/app/backend/tests/test_brand_tools.py:339: Insufficient credits for competitor analysis</skipped></testcase><testcase classname="backend.tests.test_brand_tools.TestCompetitorAnalysis" name="test_competitor_analysis_insufficient_credits" time="0.063" /><testcase classname="backend.tests.test_brand_tools.TestContentGenerator" name="test_get_content_types" time="0.406" /><testcase classname="backend.tests.test_brand_tools.TestContentGenerator" name="test_generate_tagline" time="0.060"><skipped type="pytest.skip" message="Insufficient credits for content generation">/app/backend/tests/test_brand_tools.py:429: Insufficient credits for content generation</skipped></testcase><testcase classname="backend.tests.test_brand_tools.TestContentGenerator" name="test_generate_post_social" time="0.062"><skipped type="pytest.skip" message="Insufficient credits">/app/backend/tests/test_brand_tools.py:453: Insufficient credits</skipped></testcase><testcase classname="backend.tests.test_brand_tools.TestContentGenerator" name="test_invalid_content_type" time="0.061" /><testcase classname="backend.tests.test_brand_tools.TestContentGenerator" name="test_content_history" time="0.061" /><testcase classname="backend.tests.test_brand_tools.TestUnauthorizedAccess" name="test_brand_score_unauthorized" time="0.127" /><testcase classname="backend.tests.test_brand_tools.TestUnauthorizedAccess" name="test_pdf_report_unauthorized" time="0.055" /><testcase classname="backend.tests.test_brand_tools.TestUnauthorizedAccess" name="test_alerts_config_unauthorized" time="0.053" /><testcase classname="backend.tests.test_brand_tools.TestUnauthorizedAccess" name="test_social_listening_unauthorized" time="0.052" /><testcase classname="backend.tests.test_brand_tools.TestUnauthorizedAccess" name="test_competitor_analysis_unauthorized" time="0.050" /><testcase classname="backend.tests.test_brand_tools.TestUnauthorizedAccess" name="test_content_generator_unauthorized" time="0.051" /></testsuite></testsuites>