<?xml version="1.0" encoding="utf-8"?><testsuites name="pytest tests"><testsuite name="pytest" errors="0" failures="0" skipped="0" tests="13" time="5.782" timestamp="2026-03-22T00:09:46.368505+00:00" hostname="agent-env-becdeae4-2a1d-4496-b87d-5f4e840b8fc8"><testcase classname="tests.test_notifications.TestNotificationsAPI" name="test_get_notifications_returns_list_and_unread_count" time="0.504" /><testcase classname="tests.test_notifications.TestNotificationsAPI" name="test_get_notifications_with_limit" time="0.420" /><testcase classname="tests.test_notifications.TestNotificationsAPI" name="test_get_notifications_unread_only" time="0.401" /><testcase classname="tests.test_notifications.TestNotificationPreferences" name="test_get_notification_preferences" time="0.407" /><testcase classname="tests.test_notifications.TestNotificationPreferences" name="test_update_notification_preferences" time="0.519" /><testcase classname="tests.test_notifications.TestNotificationActions" name="test_mark_all_notifications_read" time="0.440" /><testcase classname="tests.test_notifications.TestNotificationActions" name="test_mark_single_notification_read" time="0.452" /><testcase classname="tests.test_notifications.TestNotificationActions" name="test_delete_notification" time="0.392" /><testcase classname="tests.test_notifications.TestCollaborationNotificationTriggers" name="test_create_approval_triggers_notification" time="0.468" /><testcase classname="tests.test_notifications.TestCollaborationNotificationTriggers" name="test_approval_action_triggers_notification" time="0.440" /><testcase classname="tests.test_notifications.TestCollaborationNotificationTriggers" name="test_comment_triggers_notification" time="0.390" /><testcase classname="tests.test_notifications.TestActivityFeed" name="test_get_activity_feed" time="0.392" /><testcase classname="tests.test_notifications.TestActivityFeed" name="test_get_pending_approvals_count" time="0.493" /></testsuite></testsuites>