<?xml version="1.0" encoding="utf-8"?><testsuites name="pytest tests"><testsuite name="pytest" errors="0" failures="0" skipped="0" tests="8" time="2.272" timestamp="2026-03-29T23:08:33.746818+00:00" hostname="agent-env-8bd97169-ffd0-4b35-9ff4-4c8039cb29c6"><testcase classname="tests.test_clickup_sync_history.TestSyncHistoryEndpoint" name="test_sync_history_requires_auth" time="0.236" /><testcase classname="tests.test_clickup_sync_history.TestSyncHistoryEndpoint" name="test_sync_history_returns_array" time="0.549" /><testcase classname="tests.test_clickup_sync_history.TestSyncHistoryEndpoint" name="test_sync_history_with_limit" time="0.123" /><testcase classname="tests.test_clickup_sync_history.TestSyncHistoryEndpoint" name="test_sync_history_empty_for_nonexistent_brand" time="0.149" /><testcase classname="tests.test_clickup_sync_history.TestSyncHistoryEndpoint" name="test_sync_history_item_structure" time="0.106" /><testcase classname="tests.test_clickup_sync_history.TestClickUpStatusEndpoint" name="test_status_endpoint_works" time="0.112" /><testcase classname="tests.test_clickup_sync_history.TestDisconnectCleansHistory" name="test_disconnect_cleans_history" time="0.732" /><testcase classname="tests.test_clickup_sync_history.TestDashboardIntegration" name="test_dashboard_can_load_clickup_data" time="0.208" /></testsuite></testsuites>