<?xml version="1.0" encoding="utf-8"?><testsuites name="pytest tests"><testsuite name="pytest" errors="0" failures="0" skipped="0" tests="13" time="38.548" timestamp="2026-02-17T06:44:20.251785+00:00" hostname="agent-env-8f94da64-1a96-405d-9705-450e83a11cdb"><testcase classname="backend.tests.test_ai_credits.TestAICreditsSystem" name="test_01_login_with_demo_user" time="0.375" /><testcase classname="backend.tests.test_ai_credits.TestAICreditsSystem" name="test_02_plans_endpoint_returns_trial_days_7" time="0.230" /><testcase classname="backend.tests.test_ai_credits.TestAICreditsSystem" name="test_03_ai_credits_balance_endpoint" time="0.559" /><testcase classname="backend.tests.test_ai_credits.TestAICreditsSystem" name="test_04_ai_insights_deducts_1_credit" time="8.060" /><testcase classname="backend.tests.test_ai_credits.TestAICreditsSystem" name="test_05_risk_analysis_deducts_5_credits" time="5.849" /><testcase classname="backend.tests.test_ai_credits.TestAICreditsSystem" name="test_06_consistency_alerts_deducts_5_credits" time="7.098" /><testcase classname="backend.tests.test_ai_credits.TestAICreditsSystem" name="test_07_ai_credits_history_shows_actions" time="0.417" /><testcase classname="backend.tests.test_ai_credits.TestAICreditsSystem" name="test_08_402_error_when_credits_insufficient" time="5.528" /><testcase classname="backend.tests.test_ai_credits.TestAICreditsEdgeCases" name="test_unauthorized_access_to_balance" time="0.142" /><testcase classname="backend.tests.test_ai_credits.TestAICreditsEdgeCases" name="test_unauthorized_access_to_history" time="0.124" /><testcase classname="backend.tests.test_ai_credits.TestAICreditsEdgeCases" name="test_unauthorized_access_to_ai_insights" time="0.213" /><testcase classname="backend.tests.test_ai_credits.TestAICreditsEdgeCases" name="test_mentor_insight_deducts_3_credits" time="7.367" /><testcase classname="backend.tests.test_ai_credits.TestAICreditsEdgeCases" name="test_brand_way_suggestion_deducts_2_credits" time="2.532" /></testsuite></testsuites>