<?xml version="1.0" encoding="utf-8"?><testsuites name="pytest tests"><testsuite name="pytest" errors="0" failures="2" skipped="0" tests="25" time="4.402" timestamp="2026-02-17T05:10:42.653327+00:00" hostname="agent-env-41783ec2-d58f-4ac7-9974-a7ac27ca10fa"><testcase classname="backend.tests.test_new_modules.TestOnboarding" name="test_get_onboarding_status" time="0.561" /><testcase classname="backend.tests.test_new_modules.TestOnboarding" name="test_post_onboarding_data" time="0.198" /><testcase classname="backend.tests.test_new_modules.TestOnboarding" name="test_verify_onboarding_persisted" time="0.143" /><testcase classname="backend.tests.test_new_modules.TestBrandRiskAnalysis" name="test_get_risk_analysis_empty" time="0.134" /><testcase classname="backend.tests.test_new_modules.TestBrandRiskAnalysis" name="test_post_risk_analysis_ai" time="0.126"><failure message="AssertionError: Unexpected status: 520&#10;assert 520 in [200, 500]&#10; +  where 520 = &lt;Response [520]&gt;.status_code">backend/tests/test_new_modules.py:112: in test_post_risk_analysis_ai
    assert response.status_code in [200, 500], f"Unexpected status: {response.status_code}"
E   AssertionError: Unexpected status: 520
E   assert 520 in [200, 500]
E    +  where 520 = &lt;Response [520]&gt;.status_code</failure></testcase><testcase classname="backend.tests.test_new_modules.TestBrandRiskAnalysis" name="test_get_risk_analysis_after_post" time="0.179" /><testcase classname="backend.tests.test_new_modules.TestCompetitorAnalysis" name="test_get_competitors_empty" time="0.154" /><testcase classname="backend.tests.test_new_modules.TestCompetitorAnalysis" name="test_put_competitors_add_competitor" time="0.115" /><testcase classname="backend.tests.test_new_modules.TestCompetitorAnalysis" name="test_verify_competitors_persisted" time="0.155" /><testcase classname="backend.tests.test_new_modules.TestConsistencyAlerts" name="test_get_consistency_alerts_empty" time="0.133" /><testcase classname="backend.tests.test_new_modules.TestConsistencyAlerts" name="test_post_consistency_alerts_ai" time="0.137"><failure message="AssertionError: Unexpected status: 520&#10;assert 520 in [200, 500]&#10; +  where 520 = &lt;Response [520]&gt;.status_code">backend/tests/test_new_modules.py:233: in test_post_consistency_alerts_ai
    assert response.status_code in [200, 500], f"Unexpected status: {response.status_code}"
E   AssertionError: Unexpected status: 520
E   assert 520 in [200, 500]
E    +  where 520 = &lt;Response [520]&gt;.status_code</failure></testcase><testcase classname="backend.tests.test_new_modules.TestConsistencyAlerts" name="test_get_consistency_alerts_after_post" time="0.100" /><testcase classname="backend.tests.test_new_modules.TestGoogleIntegration" name="test_get_google_integration_initial" time="0.159" /><testcase classname="backend.tests.test_new_modules.TestGoogleIntegration" name="test_connect_google_analytics" time="0.130" /><testcase classname="backend.tests.test_new_modules.TestGoogleIntegration" name="test_connect_search_console" time="0.134" /><testcase classname="backend.tests.test_new_modules.TestGoogleIntegration" name="test_verify_google_integration_persisted" time="0.302" /><testcase classname="backend.tests.test_new_modules.TestGoogleIntegration" name="test_refresh_google_data" time="0.102" /><testcase classname="backend.tests.test_new_modules.TestGoogleIntegration" name="test_disconnect_analytics" time="0.143" /><testcase classname="backend.tests.test_new_modules.TestGoogleIntegration" name="test_disconnect_search_console" time="0.168" /><testcase classname="backend.tests.test_new_modules.TestGoogleIntegration" name="test_verify_disconnection" time="0.126" /><testcase classname="backend.tests.test_new_modules.TestGoogleIntegration" name="test_reconnect_for_frontend_testing" time="0.336" /><testcase classname="backend.tests.test_new_modules.TestUnauthorizedAccess" name="test_risk_analysis_unauthorized" time="0.186" /><testcase classname="backend.tests.test_new_modules.TestUnauthorizedAccess" name="test_competitors_unauthorized" time="0.104" /><testcase classname="backend.tests.test_new_modules.TestUnauthorizedAccess" name="test_consistency_alerts_unauthorized" time="0.172" /><testcase classname="backend.tests.test_new_modules.TestUnauthorizedAccess" name="test_google_integration_unauthorized" time="0.126" /></testsuite></testsuites>