<?xml version="1.0" encoding="utf-8"?><testsuites name="pytest tests"><testsuite name="pytest" errors="0" failures="0" skipped="0" tests="12" time="6.414" timestamp="2026-03-01T03:23:49.823506+00:00" hostname="agent-env-2a683084-1c00-4e50-af9d-00a0723662b6"><testcase classname="tests.test_team_invite_flow.TestTeamInviteFlow" name="test_01_admin_can_list_brands" time="0.421" /><testcase classname="tests.test_team_invite_flow.TestTeamInviteFlow" name="test_02_admin_can_access_specific_brand" time="0.444" /><testcase classname="tests.test_team_invite_flow.TestTeamInviteFlow" name="test_03_admin_can_send_invite" time="0.647" /><testcase classname="tests.test_team_invite_flow.TestTeamInviteFlow" name="test_04_list_pending_invites" time="0.413" /><testcase classname="tests.test_team_invite_flow.TestTeamInviteFlow" name="test_05_verify_sandro_team_membership" time="0.771" /><testcase classname="tests.test_team_invite_flow.TestTeamInviteFlow" name="test_06_sandro_can_access_brand_details" time="0.777" /><testcase classname="tests.test_team_invite_flow.TestTeamInviteFlow" name="test_07_sandro_can_access_brand_metrics" time="0.711" /><testcase classname="tests.test_team_invite_flow.TestTeamInviteFlow" name="test_08_list_team_members" time="0.406" /><testcase classname="tests.test_team_invite_flow.TestTeamInviteFlow" name="test_09_cancel_test_invite" time="0.417" /><testcase classname="tests.test_team_invite_flow.TestBrandsAccessControl" name="test_brands_endpoint_returns_owned_brands" time="0.424" /><testcase classname="tests.test_team_invite_flow.TestBrandsAccessControl" name="test_brands_endpoint_returns_team_brands" time="0.460" /><testcase classname="tests.test_team_invite_flow.TestAcceptInviteOnboarding" name="test_invited_user_has_onboarding_completed" time="0.474" /></testsuite></testsuites>